TN:
SF:src\assets\background.png
FNF:0
FNH:0
DA:1,1
LF:1
LH:1
BRF:0
BRH:0
end_of_record
TN:
SF:src\assets\bg_clear_day.png
FNF:0
FNH:0
DA:1,2
LF:1
LH:1
BRF:0
BRH:0
end_of_record
TN:
SF:src\assets\bg_clear_night.png
FNF:0
FNH:0
DA:1,2
LF:1
LH:1
BRF:0
BRH:0
end_of_record
TN:
SF:src\assets\bg_cloudy_day.png
FNF:0
FNH:0
DA:1,2
LF:1
LH:1
BRF:0
BRH:0
end_of_record
TN:
SF:src\assets\bg_cloudy_night.png
FNF:0
FNH:0
DA:1,2
LF:1
LH:1
BRF:0
BRH:0
end_of_record
TN:
SF:src\assets\bg_rain_day.png
FNF:0
FNH:0
DA:1,2
LF:1
LH:1
BRF:0
BRH:0
end_of_record
TN:
SF:src\assets\bg_rain_night.png
FNF:0
FNH:0
DA:1,2
LF:1
LH:1
BRF:0
BRH:0
end_of_record
TN:
SF:src\assets\bg_snow_day.png
FNF:0
FNH:0
DA:1,2
LF:1
LH:1
BRF:0
BRH:0
end_of_record
TN:
SF:src\assets\bg_snow_night.png
FNF:0
FNH:0
DA:1,2
LF:1
LH:1
BRF:0
BRH:0
end_of_record
TN:
SF:src\assets\clear_day.svg
FN:3,SvgClear_day
FNF:1
FNH:1
FNDA:10,SvgClear_day
DA:2,4
DA:4,10
DA:9,4
LF:3
LH:3
BRF:0
BRH:0
end_of_record
TN:
SF:src\assets\clear_night.svg
FN:3,SvgClear_night
FNF:1
FNH:0
FNDA:0,SvgClear_night
DA:2,2
DA:4,0
DA:9,2
LF:3
LH:2
BRF:0
BRH:0
end_of_record
TN:
SF:src\assets\cloudy_day.svg
FN:3,SvgCloudy_day
FNF:1
FNH:0
FNDA:0,SvgCloudy_day
DA:2,2
DA:4,0
DA:9,2
LF:3
LH:2
BRF:0
BRH:0
end_of_record
TN:
SF:src\assets\cloudy_night.svg
FN:3,SvgCloudy_night
FNF:1
FNH:0
FNDA:0,SvgCloudy_night
DA:2,2
DA:4,0
DA:9,2
LF:3
LH:2
BRF:0
BRH:0
end_of_record
TN:
SF:src\assets\drop.svg
FN:3,SvgDrop
FNF:1
FNH:1
FNDA:3,SvgDrop
DA:2,2
DA:4,3
DA:9,2
LF:3
LH:3
BRF:0
BRH:0
end_of_record
TN:
SF:src\assets\logo.svg
FN:3,SvgLogo
FNF:1
FNH:1
FNDA:4,SvgLogo
DA:2,1
DA:4,4
DA:9,1
LF:3
LH:3
BRF:0
BRH:0
end_of_record
TN:
SF:src\assets\rain.svg
FN:3,SvgRain
FNF:1
FNH:1
FNDA:2,SvgRain
DA:2,1
DA:4,2
DA:9,1
LF:3
LH:3
BRF:0
BRH:0
end_of_record
TN:
SF:src\assets\rain_moment_day.svg
FN:3,SvgRain_moment_day
FNF:1
FNH:0
FNDA:0,SvgRain_moment_day
DA:2,2
DA:4,0
DA:9,2
LF:3
LH:2
BRF:0
BRH:0
end_of_record
TN:
SF:src\assets\snow_day.svg
FN:3,SvgSnow_day
FNF:1
FNH:0
FNDA:0,SvgSnow_day
DA:2,2
DA:4,0
DA:9,2
LF:3
LH:2
BRF:0
BRH:0
end_of_record
TN:
SF:src\assets\snow_night.svg
FN:3,SvgSnow_night
FNF:1
FNH:0
FNDA:0,SvgSnow_night
DA:2,2
DA:4,0
DA:9,2
LF:3
LH:2
BRF:0
BRH:0
end_of_record
TN:
SF:src\assets\sun.svg
FN:3,SvgSun
FNF:1
FNH:1
FNDA:2,SvgSun
DA:2,1
DA:4,2
DA:9,1
LF:3
LH:3
BRF:0
BRH:0
end_of_record
TN:
SF:src\assets\thermometer.svg
FN:3,SvgThermometer
FNF:1
FNH:1
FNDA:2,SvgThermometer
DA:2,1
DA:4,2
DA:9,1
LF:3
LH:3
BRF:0
BRH:0
end_of_record
TN:
SF:src\assets\wind.svg
FN:3,SvgWind
FNF:1
FNH:1
FNDA:2,SvgWind
DA:2,1
DA:4,2
DA:9,1
LF:3
LH:3
BRF:0
BRH:0
end_of_record
TN:
SF:src\components\Day\index.tsx
FN:18,Day
FNF:1
FNH:1
FNDA:8,Day
DA:19,8
DA:21,8
LF:2
LH:2
BRF:0
BRH:0
end_of_record
TN:
SF:src\components\Day\styles.ts
FNF:0
FNH:0
DA:4,3
LF:1
LH:1
BRF:0
BRH:0
end_of_record
TN:
SF:src\components\Input\index.tsx
FN:15,Input
FNF:1
FNH:1
FNDA:10,Input
DA:16,10
LF:1
LH:1
BRDA:15,0,0,3
BRDA:24,1,0,10
BRDA:24,1,1,1
BRF:3
BRH:3
end_of_record
TN:
SF:src\components\Input\styles.ts
FNF:0
FNH:0
DA:4,3
LF:1
LH:1
BRF:0
BRH:0
end_of_record
TN:
SF:src\components\Loading\index.tsx
FN:6,Loading
FNF:1
FNH:1
FNDA:6,Loading
DA:7,6
LF:1
LH:1
BRF:0
BRH:0
end_of_record
TN:
SF:src\components\Loading\styles.ts
FNF:0
FNH:0
DA:4,1
LF:1
LH:1
BRF:0
BRH:0
end_of_record
TN:
SF:src\components\NextDays\index.tsx
FN:10,NextDays
FN:13,(anonymous_1)
FNF:2
FNH:2
FNDA:3,NextDays
FNDA:7,(anonymous_1)
DA:11,3
DA:14,7
LF:2
LH:2
BRF:0
BRH:0
end_of_record
TN:
SF:src\components\NextDays\styles.ts
FNF:0
FNH:0
DA:4,2
LF:1
LH:1
BRF:0
BRH:0
end_of_record
TN:
SF:src\components\SelectList\index.tsx
FN:16,SelectList
FN:27,(anonymous_1)
FN:31,(anonymous_2)
FNF:3
FNH:3
FNDA:8,SelectList
FNDA:2,(anonymous_1)
FNDA:1,(anonymous_2)
DA:17,8
DA:28,2
DA:31,1
LF:3
LH:3
BRF:0
BRH:0
end_of_record
TN:
SF:src\components\SelectList\styles.ts
FNF:0
FNH:0
DA:4,2
LF:1
LH:1
BRF:0
BRH:0
end_of_record
TN:
SF:src\components\WeatherDetails\index.tsx
FN:22,WeatherDetails
FNF:1
FNH:1
FNDA:2,WeatherDetails
DA:23,2
LF:1
LH:1
BRF:0
BRH:0
end_of_record
TN:
SF:src\components\WeatherDetails\styles.ts
FNF:0
FNH:0
DA:4,1
LF:1
LH:1
BRF:0
BRH:0
end_of_record
TN:
SF:src\components\WeatherItem\index.tsx
FN:13,WeatherItem
FNF:1
FNH:1
FNDA:11,WeatherItem
DA:19,11
LF:1
LH:1
BRDA:17,0,0,9
BRDA:20,1,0,11
BRDA:20,1,1,9
BRF:3
BRH:3
end_of_record
TN:
SF:src\components\WeatherItem\styles.ts
FNF:0
FNH:0
DA:4,2
LF:1
LH:1
BRF:0
BRH:0
end_of_record
TN:
SF:src\components\WeatherToday\index.tsx
FN:21,WeatherToday
FNF:1
FNH:1
FNDA:2,WeatherToday
DA:22,2
DA:23,2
DA:25,2
DA:26,2
DA:28,2
LF:5
LH:5
BRDA:25,0,0,2
BRDA:25,0,1,0
BRDA:26,1,0,2
BRDA:26,1,1,0
BRF:4
BRH:2
end_of_record
TN:
SF:src\components\WeatherToday\styles.ts
FNF:0
FNH:0
DA:4,1
LF:1
LH:1
BRF:0
BRH:0
end_of_record
TN:
SF:src\contexts\CityContext.tsx
FN:23,CityProvider
FN:27,handleChanceCity
FN:36,(anonymous_2)
FN:40,(anonymous_3)
FN:41,(anonymous_4)
FNF:5
FNH:5
FNDA:12,CityProvider
FNDA:1,handleChanceCity
FNDA:4,(anonymous_2)
FNDA:4,(anonymous_3)
FNDA:4,(anonymous_4)
DA:19,2
DA:24,12
DA:25,12
DA:28,1
DA:30,1
DA:31,1
DA:33,1
DA:36,12
DA:37,4
DA:39,4
DA:40,4
DA:41,4
DA:44,12
LF:13
LH:13
BRF:0
BRH:0
end_of_record
TN:
SF:src\hooks\useCity.ts
FN:4,useCity
FNF:1
FNH:1
FNDA:23,useCity
DA:5,23
DA:7,23
LF:2
LH:2
BRF:0
BRH:0
end_of_record
TN:
SF:src\libs\asyncStorage\cityStorage.ts
FN:6,getStorageCity
FN:14,saveStorageCity
FN:18,removeStorageCity
FNF:3
FNH:3
FNDA:7,getStorageCity
FNDA:4,saveStorageCity
FNDA:1,removeStorageCity
DA:4,3
DA:7,7
DA:9,7
DA:11,7
DA:15,4
DA:19,1
LF:6
LH:6
BRDA:9,0,0,3
BRDA:9,0,1,4
BRF:2
BRH:2
end_of_record
TN:
SF:src\routes\app.routes.tsx
FN:7,AppRoutes
FNF:1
FNH:1
FNDA:4,AppRoutes
DA:5,1
DA:8,4
LF:2
LH:2
BRF:0
BRH:0
end_of_record
TN:
SF:src\routes\index.tsx
FN:9,Routes
FNF:1
FNH:1
FNDA:8,Routes
DA:10,8
DA:11,8
DA:13,8
LF:3
LH:3
BRDA:22,0,0,4
BRDA:22,0,1,4
BRF:2
BRH:2
end_of_record
TN:
SF:src\screens\Dashboard\index.tsx
FN:20,Dashboard
FN:31,handleSelect
FN:37,getWeatherDetails
FN:51,getCities
FN:60,(anonymous_4)
FN:66,(anonymous_5)
FN:68,(anonymous_6)
FN:71,(anonymous_7)
FNF:8
FNH:4
FNDA:8,Dashboard
FNDA:0,handleSelect
FNDA:2,getWeatherDetails
FNDA:0,getCities
FNDA:2,(anonymous_4)
FNDA:0,(anonymous_5)
FNDA:0,(anonymous_6)
FNDA:2,(anonymous_7)
DA:21,8
DA:22,8
DA:23,8
DA:24,8
DA:25,8
DA:29,8
DA:32,0
DA:33,0
DA:34,0
DA:38,2
DA:39,0
DA:42,2
DA:44,2
DA:45,2
DA:47,2
DA:48,2
DA:52,0
DA:54,0
DA:56,0
DA:57,0
DA:60,8
DA:61,2
DA:62,2
DA:65,0
DA:66,0
DA:68,0
DA:71,8
DA:72,2
DA:75,8
DA:76,6
DA:79,2
LF:31
LH:20
BRDA:38,0,0,0
BRDA:38,0,1,2
BRDA:61,1,0,2
BRDA:61,1,1,0
BRDA:75,2,0,6
BRDA:75,2,1,2
BRDA:75,3,0,8
BRDA:75,3,1,2
BRDA:75,3,2,2
BRF:9
BRH:7
end_of_record
TN:
SF:src\screens\Dashboard\styles.ts
FNF:0
FNH:0
DA:4,1
LF:1
LH:1
BRF:0
BRH:0
end_of_record
TN:
SF:src\screens\Search\index.tsx
FN:14,Search
FN:21,getCities
FN:30,(anonymous_2)
FN:35,(anonymous_3)
FN:37,(anonymous_4)
FNF:5
FNH:2
FNDA:4,Search
FNDA:0,getCities
FNDA:3,(anonymous_2)
FNDA:0,(anonymous_3)
FNDA:0,(anonymous_4)
DA:15,4
DA:16,4
DA:17,4
DA:19,4
DA:22,0
DA:24,0
DA:26,0
DA:27,0
DA:30,4
DA:31,3
DA:32,3
DA:35,0
DA:37,0
DA:40,4
LF:14
LH:8
BRDA:31,0,0,3
BRDA:31,0,1,0
BRF:2
BRH:1
end_of_record
TN:
SF:src\screens\Search\styles.ts
FNF:0
FNH:0
DA:5,1
DA:7,1
LF:2
LH:2
BRF:0
BRH:0
end_of_record
TN:
SF:src\services\api.ts
FNF:0
FNH:0
DA:3,3
LF:1
LH:1
BRF:0
BRH:0
end_of_record
TN:
SF:src\services\getCityByNameService.ts
FN:22,getCityByNameService
FNF:1
FNH:1
FNDA:1,getCityByNameService
DA:25,1
DA:26,1
DA:28,1
DA:35,1
DA:37,0
LF:5
LH:4
BRDA:30,0,0,1
BRDA:30,0,1,0
BRF:2
BRH:1
end_of_record
TN:
SF:src\services\getWeatherByCityService.ts
FN:45,getWeatherByCityService
FN:75,(anonymous_1)
FNF:2
FNH:2
FNDA:3,getWeatherByCityService
FNDA:6,(anonymous_1)
DA:49,3
DA:52,3
DA:54,3
DA:71,3
DA:72,3
DA:73,3
DA:75,3
DA:76,6
DA:78,6
DA:79,3
DA:81,3
DA:83,3
DA:85,3
DA:95,3
LF:14
LH:14
BRDA:78,0,0,3
BRDA:78,0,1,3
BRDA:78,1,0,6
BRDA:78,1,1,6
BRF:4
BRH:4
end_of_record
TN:
SF:src\styles\theme.ts
FNF:0
FNH:0
DA:1,6
LF:1
LH:1
BRF:0
BRH:0
end_of_record
TN:
SF:src\utils\getNextDays.ts
FN:3,getNextDays
FNF:1
FNH:1
FNDA:4,getNextDays
DA:4,4
DA:5,4
DA:7,4
DA:8,20
DA:10,20
DA:12,20
DA:15,4
LF:7
LH:7
BRF:0
BRH:0
end_of_record
TN:
SF:src\utils\isDayTime.ts
FN:1,isDayTime
FNF:1
FNH:1
FNDA:2,isDayTime
DA:2,2
DA:3,2
LF:2
LH:2
BRDA:3,0,0,2
BRDA:3,0,1,2
BRF:2
BRH:2
end_of_record
TN:
SF:src\utils\weatherIcons.ts
FNF:0
FNH:0
DA:17,2
LF:1
LH:1
BRF:0
BRH:0
end_of_record
